<?xml version='1.0' encoding='UTF-8'?>
<testsuites>
  <testsuite name="Test Suite" device="R5CY54AJQLW" tests="11" failures="1" time="447.0">
    <testcase id="APP_02_login" name="APP_02_login" classname="APP_02_login" time="17.0" status="SUCCESS"/>
    <testcase id="APP_03_navigation" name="APP_03_navigation" classname="APP_03_navigation" time="18.0" status="SUCCESS"/>
    <testcase id="APP_09_store_select" name="APP_09_store_select" classname="APP_09_store_select" time="9.0" status="SUCCESS"/>
    <testcase id="APP_10_menu_detail" name="APP_10_menu_detail" classname="APP_10_menu_detail" time="6.0" status="SUCCESS"/>
    <testcase id="APP_11_menu_count" name="APP_11_menu_count" classname="APP_11_menu_count" time="4.0" status="SUCCESS"/>
    <testcase id="APP_12_menu_option" name="APP_12_menu_option" classname="APP_12_menu_option" time="15.0" status="SUCCESS"/>
    <testcase id="APP_13_14_cart" name="APP_13_14_cart" classname="APP_13_14_cart" time="51.0" status="SUCCESS"/>
    <testcase id="App_18_order_popup" name="App_18_order_popup" classname="App_18_order_popup" time="11.0" status="SUCCESS"/>
    <testcase id="APP_19_20_21_pickupSale" name="APP_19_20_21_pickupSale" classname="APP_19_20_21_pickupSale" time="89.0" status="SUCCESS"/>
    <testcase id="APP_22_23_24" name="APP_22_23_24" classname="APP_22_23_24" time="71.0" status="SUCCESS"/>
    <testcase id="point" name="point" classname="point" time="156.0" status="ERROR">
      <failure>Element not found: Text matching regex: 100P 사용하기</failure>
    </testcase>
  </testsuite>
</testsuites>
